Step: build-step-credential-initializer:

{"level":"warn","ts":1554380104.773728,"logger":"fallback-logger","caller":"logging/config.go:65","msg":"Fetch GitHub commit ID from kodata failed: \"ref: refs/heads/test\" is not a valid GitHub commit ID"}
{"level":"info","ts":1554380104.7744462,"logger":"fallback-logger","caller":"creds-init/main.go:40","msg":"Credentials initialized."}
Step: build-step-git-source-0:

{"level":"warn","ts":1554380105.6845772,"logger":"fallback-logger","caller":"logging/config.go:65","msg":"Fetch GitHub commit ID from kodata failed: \"ref: refs/heads/test\" is not a valid GitHub commit ID"}
{"level":"info","ts":1554380106.8400939,"logger":"fallback-logger","caller":"git-init/main.go:92","msg":"Successfully cloned \"https://github.com/chenfli/nodejs.git\" @ \"6228ad7eb106a367b52ad7fc394bc6e9e8d02e25\" in path \"/workspace\""}
Step: build-step-jenkins:

Picked up _JAVA_OPTIONS: -Xmx400m
Started
Running in Durability level: PERFORMANCE_OPTIMIZED
  13.570 [id=24]	WARNING	i.f.k.c.i.VersionUsageUtils#alert: The client is using resource type 'customresourcedefinitions' with unstable version 'v1beta1'
[Pipeline] Start of Pipeline
[Pipeline] node
Running on Jenkins in /tmp/jenkinsTests.tmp/jenkins7907258016958636218test/workspace/job
[Pipeline] {
[Pipeline] stage
[Pipeline] { (Declarative: Checkout SCM)
[Pipeline] checkout
[Pipeline] }
[Pipeline] // stage
[Pipeline] withCredentials
[Pipeline] {
[Pipeline] withEnv
[Pipeline] {
[Pipeline] stage
[Pipeline] { (CI Build and push snapshot)
[Pipeline] withEnv
[Pipeline] {
[Pipeline] sh
+ npm install
npm notice created a lockfile as package-lock.json. You should commit this file.
npm WARN REPLACE_ME@1.0.0 No repository field.
npm WARN REPLACE_ME@1.0.0 No license field.

up to date in 0.077s
[Pipeline] sh
+ CI=true DISPLAY=:99 npm test

> REPLACE_ME@1.0.0 test /tmp/jenkinsTests.tmp/jenkins7907258016958636218test/workspace/job
> echo "no test specified" && exit 0

no test specified
[Pipeline] sh
+ export VERSION=0.0.0-SNAPSHOT-PR-1-1
+ skaffold build -f skaffold.yaml
time="2019-04-04T12:15:32Z" level=warning msg="config version (skaffold/v1beta2) out of date: upgrading to latest (skaffold/v1beta6)"
Generating Tag for [changeme]...
Starting build...
Building [changeme]...
Sending build context to Docker daemon  94.72kB
Step 1/6 : FROM node:9-slim
 ---> e20bb4abe4ee
Step 2/6 : ENV PORT 8080
 ---> Using cache
 ---> 49bca859a9c9
Step 3/6 : EXPOSE 8080
 ---> Using cache
 ---> 5f71e40a34ea
Step 4/6 : WORKDIR /usr/src/app
 ---> Using cache
 ---> 5326f13bdcdf
Step 5/6 : COPY . .
 ---> f652be771e8e
Step 6/6 : CMD ["npm", "start"]
 ---> Running in a54c37487f6d
 ---> 74e78b8ae5b0
Successfully built 74e78b8ae5b0
Successfully tagged 10.3.0.167:5000/chenfli/nodejs:0.0.0-SNAPSHOT-PR-1-1
The push refers to repository [10.3.0.167:5000/chenfli/nodejs]
7448f1d15cc8: Preparing
26c683e848dc: Preparing
e16c226cf2a8: Preparing
7fd597d009e4: Preparing
7c6ab5fb7059: Preparing
ed271eac23e9: Preparing
156ff16f37e4: Preparing
ed271eac23e9: Waiting
156ff16f37e4: Waiting
26c683e848dc: Layer already exists
7fd597d009e4: Layer already exists
e16c226cf2a8: Layer already exists
7c6ab5fb7059: Layer already exists
156ff16f37e4: Layer already exists
ed271eac23e9: Layer already exists
7448f1d15cc8: Pushed
0.0.0-SNAPSHOT-PR-1-1: digest: sha256:adee2275705c350f2577f92fbeb479e1fe228a7ea9aefce9021e43ffa6729803 size: 1786
Build complete in 3.75044904s
Starting test...
Test complete in 4.3µs
changeme -> 10.3.0.167:5000/chenfli/nodejs:0.0.0-SNAPSHOT-PR-1-1@sha256:adee2275705c350f2577f92fbeb479e1fe228a7ea9aefce9021e43ffa6729803
There is a new version (0.26.0) of Skaffold available. Download it at https://storage.googleapis.com/skaffold/releases/latest/skaffold-linux-amd64

[Pipeline] sh
+ jx step post build --image 10.3.0.167:5000/chenfli/nodejs:0.0.0-SNAPSHOT-PR-1-1
[Pipeline] dir
Running in /tmp/jenkinsTests.tmp/jenkins7907258016958636218test/workspace/job/charts/preview
[Pipeline] {
[Pipeline] sh
+ make preview
sed -i -e "s/version:.*/version: 0.0.0-SNAPSHOT-PR-1-1/" Chart.yaml
sed -i -e "s/version:.*/version: 0.0.0-SNAPSHOT-PR-1-1/" ../*/Chart.yaml
sed -i -e "s|repository:.*|repository: 10.3.0.167:5000\/chenfli\/nodejs|" values.yaml
sed -i -e "s/tag:.*/tag: 0.0.0-SNAPSHOT-PR-1-1/" values.yaml
echo "  version: 0.0.0-SNAPSHOT-PR-1-1" >> requirements.yaml
jx step helm build
No $CHART_REPOSITORY defined so using the default value of: http://jenkins-x-chartmuseum:8080
Adding missing Helm repo: jenkins-x http://chartmuseum.jenkins-x.io
Successfully added Helm repository jenkins-x.
Adding missing Helm repo: releases http://jenkins-x-chartmuseum:8080
Successfully added Helm repository releases.
[Pipeline] sh
+ jx preview --app nodejs --dir ../..
Creating a preview
Commit author email is empty for: 6228ad7eb106a367b52ad7fc394bc6e9e8d02e25
Looking for commits in: /tmp/jenkinsTests.tmp/jenkins7907258016958636218test/workspace/job/
Found commit author match for: chenfli with email address: cf9536@att.com
Created environment chenfli-nodejs-pr-1
Namespace jx-chenfli-nodejs-pr-1 created 
 expose:
  Annotations:
    helm.sh/hook: post-install,post-upgrade
    helm.sh/hook-delete-policy: hook-succeeded
  config:
    domain: ci.att.io
    exposer: Ingress
    http: "true"
preview:
  image:
    repository: 10.3.0.167:5000/chenfli/nodejs
    tag: 0.0.0-SNAPSHOT-PR-1-1
Applying generated chart . YAML via kubectl in dir: /tmp/helm-template-workdir-790777028/preview/output
role.rbac.authorization.k8s.io/cleanup created
rolebinding.rbac.authorization.k8s.io/cleanup created
serviceaccount/cleanup created
configmap/exposecontroller created
role.rbac.authorization.k8s.io/expose created
rolebinding.rbac.authorization.k8s.io/expose created
serviceaccount/expose created
deployment.extensions/preview-preview created
service/nodejs created
Applying Helm hook post-upgrade YAML via kubectl in file: /tmp/helm-template-workdir-790777028/preview/helmHooks/preview/charts/expose/templates/job.yaml
job.batch/expose created
Waiting for helm post-upgrade hook Job expose to complete before removing it
Deleting helm hook sources from file: /tmp/helm-template-workdir-790777028/preview/helmHooks/preview/charts/expose/templates/job.yaml
job.batch "expose" deleted
Removing Kubernetes resources from older releases using selector: jenkins.io/chart-release=preview,jenkins.io/version!=0.0.0-SNAPSHOT-PR-1-1
Failed to update PipelineActivities chenfli-nodejs-pr-1-1: the namespace of the object (jx-chenfli-nodejs-pr-1) does not match the namespace on the request (jx)
Preview application is now available at: https://nodejs.jx-chenfli-nodejs-pr-1.ci.att.io

[Pipeline] }
[Pipeline] // dir
[Pipeline] }
[Pipeline] // withEnv
[Pipeline] }
[Pipeline] // stage
[Pipeline] stage
[Pipeline] { (Build Release)
Stage "Build Release" skipped due to when conditional
[Pipeline] }
[Pipeline] // stage
[Pipeline] stage
[Pipeline] { (Promote to Environments)
Stage "Promote to Environments" skipped due to when conditional
[Pipeline] }
[Pipeline] // stage
[Pipeline] }
[Pipeline] // withEnv
[Pipeline] }
[Pipeline] // withCredentials
[Pipeline] }
[Pipeline] // node
[Pipeline] End of Pipeline
Finished: SUCCESS
